0 info it worked if it ends with ok
1 verbose cli [ 'C:\\Program Files\\nodejs\\node.exe',
1 verbose cli   'C:\\Program Files\\nodejs\\node_modules\\npm\\bin\\npm-cli.js',
1 verbose cli   'start' ]
2 info using npm@3.10.10
3 info using node@v6.9.4
4 verbose run-script [ 'prestart', 'start', 'poststart' ]
5 info lifecycle learn-redux@1.0.0~prestart: learn-redux@1.0.0
6 silly lifecycle learn-redux@1.0.0~prestart: no script for prestart, continuing
7 info lifecycle learn-redux@1.0.0~start: learn-redux@1.0.0
8 verbose lifecycle learn-redux@1.0.0~start: unsafe-perm in lifecycle true
9 verbose lifecycle learn-redux@1.0.0~start: PATH: C:\Program Files\nodejs\node_modules\npm\bin\node-gyp-bin;C:\Users\ukuma8\Desktop\gmi\102\react\react2\ReactStarterKit-master\react-seed\node_modules\.bin;C:\Ruby23-x64\bin;C:\ProgramData\Oracle\Java\javapath;C:\oraclexe\app\oracle\product\10.2.0\server\bin;D:\LAB\apache-maven-3.0.5\bin;C:\Users\gjajoo\Downloads\apache-ant-1.9.6-bin\apache-ant-1.9.6\bin;C:\Program Files\Java\jdk1.7.0_51\bin;C:\Windows\SYSTEM32;C:\Windows;C:\Windows\SYSTEM32\WBEM;C:\Windows\SYSTEM32\WINDOWSPOWERSHELL\V1.0\;c:\Program Files\Intel\WiFi\bin\;c:\Program Files\Common Files\Intel\WirelessCommon\;C:\Program Files\nodejs\;C:\Program Files\Git\cmd;C:\Program Files\TortoiseGit\bin;C:\Program Files\TortoiseSVN\bin;C:\Program Files (x86)\Git\cmd;C:\Program Files (x86)\nodejs\;C:\Program Files (x86)\scala\bin;C:\Program Files (x86)\Microsoft SQL Server\100\Tools\Binn\;C:\Program Files\Microsoft SQL Server\100\Tools\Binn\;C:\Program Files\Microsoft SQL Server\100\DTS\Binn\;C:\Program Files\Intel\WiFi\bin\;C:\Program Files\Common Files\Intel\WirelessCommon\;C:\Users\ukuma8\AppData\Roaming\npm\;
10 verbose lifecycle learn-redux@1.0.0~start: CWD: C:\Users\ukuma8\Desktop\gmi\102\react\react2\ReactStarterKit-master\react-seed
11 silly lifecycle learn-redux@1.0.0~start: Args: [ '/d /s /c', 'node devServer.js' ]
12 silly lifecycle learn-redux@1.0.0~start: Returned: code: 3221225786  signal: null
13 info lifecycle learn-redux@1.0.0~start: Failed to exec start script
14 verbose stack Error: learn-redux@1.0.0 start: `node devServer.js`
14 verbose stack Exit status 3221225786
14 verbose stack     at EventEmitter.<anonymous> (C:\Program Files\nodejs\node_modules\npm\lib\utils\lifecycle.js:255:16)
14 verbose stack     at emitTwo (events.js:106:13)
14 verbose stack     at EventEmitter.emit (events.js:191:7)
14 verbose stack     at ChildProcess.<anonymous> (C:\Program Files\nodejs\node_modules\npm\lib\utils\spawn.js:40:14)
14 verbose stack     at emitTwo (events.js:106:13)
14 verbose stack     at ChildProcess.emit (events.js:191:7)
14 verbose stack     at maybeClose (internal/child_process.js:877:16)
14 verbose stack     at Process.ChildProcess._handle.onexit (internal/child_process.js:226:5)
15 verbose pkgid learn-redux@1.0.0
16 verbose cwd C:\Users\ukuma8\Desktop\gmi\102\react\react2\ReactStarterKit-master\react-seed
17 error Windows_NT 6.1.7601
18 error argv "C:\\Program Files\\nodejs\\node.exe" "C:\\Program Files\\nodejs\\node_modules\\npm\\bin\\npm-cli.js" "start"
19 error node v6.9.4
20 error npm  v3.10.10
21 error code ELIFECYCLE
22 error learn-redux@1.0.0 start: `node devServer.js`
22 error Exit status 3221225786
23 error Failed at the learn-redux@1.0.0 start script 'node devServer.js'.
23 error Make sure you have the latest version of node.js and npm installed.
23 error If you do, this is most likely a problem with the learn-redux package,
23 error not with npm itself.
23 error Tell the author that this fails on your system:
23 error     node devServer.js
23 error You can get information on how to open an issue for this project with:
23 error     npm bugs learn-redux
23 error Or if that isn't available, you can get their info via:
23 error     npm owner ls learn-redux
23 error There is likely additional logging output above.
24 verbose exit [ 1, true ]
